build/app/intermediates/manifest_merge_blame_file/debug/manifest-merger-blame-debug-report.txt
1<?xml version="1.0" encoding="utf-8"?>
2<manifest xmlns:android="http://schemas.android.com/apk/res/android"
3    package="com.hdphoto.photoshoot.enhance.image.hdr.ai"
4    android:versionCode="1"
5    android:versionName="1.0.0" >
6
7    <uses-sdk
8        android:minSdkVersion="21"
9        android:targetSdkVersion="31" />
10    <!--
11         The INTERNET permission is required for development. Specifically,
12         the Flutter tool needs it to communicate with the running application
13         to allow setting breakpoints, to provide hot reload, etc.
14    -->
15    <uses-permission android:name="android.permission.INTERNET" />
15-->src/debug/AndroidManifest.xml:7:5-66
15-->src/debug/AndroidManifest.xml:7:22-64
16    <uses-permission android:name="android.permission.WRITE_EXTERNAL_STORAGE" />
16-->src/main/AndroidManifest.xml:3:5-81
16-->src/main/AndroidManifest.xml:3:22-78
17    <uses-permission android:name="android.permission.ACCESS_NETWORK_STATE" />
17-->[:connectivity_plus] AndroidManifest.xml:9:5-79
17-->[:connectivity_plus] AndroidManifest.xml:9:22-76
18    <uses-permission android:name="android.permission.WAKE_LOCK" />
18-->[com.google.android.gms:play-services-measurement-api:21.0.0] AndroidManifest.xml:24:5-68
18-->[com.google.android.gms:play-services-measurement-api:21.0.0] AndroidManifest.xml:24:22-65
19    <uses-permission android:name="com.google.android.gms.permission.AD_ID" />
19-->[com.google.android.gms:play-services-measurement-api:21.0.0] AndroidManifest.xml:25:5-79
19-->[com.google.android.gms:play-services-measurement-api:21.0.0] AndroidManifest.xml:25:22-76
20    <uses-permission android:name="com.google.android.finsky.permission.BIND_GET_INSTALL_REFERRER_SERVICE" /> <!-- Android package visibility setting -->
20-->[com.google.android.gms:play-services-measurement:21.0.0] AndroidManifest.xml:26:5-110
20-->[com.google.android.gms:play-services-measurement:21.0.0] AndroidManifest.xml:26:22-107
21    <queries>
21-->[com.google.android.gms:play-services-ads-lite:20.6.0] AndroidManifest.xml:28:5-44:15
22
23        <!-- For browser content -->
24        <intent>
24-->[com.google.android.gms:play-services-ads-lite:20.6.0] AndroidManifest.xml:31:9-37:18
25            <action android:name="android.intent.action.VIEW" />
25-->[com.google.android.gms:play-services-ads-lite:20.6.0] AndroidManifest.xml:32:13-65
25-->[com.google.android.gms:play-services-ads-lite:20.6.0] AndroidManifest.xml:32:21-62
26
27            <category android:name="android.intent.category.BROWSABLE" />
27-->[com.google.android.gms:play-services-ads-lite:20.6.0] AndroidManifest.xml:34:13-74
27-->[com.google.android.gms:play-services-ads-lite:20.6.0] AndroidManifest.xml:34:23-71
28
29            <data android:scheme="https" />
29-->[com.google.android.gms:play-services-ads-lite:20.6.0] AndroidManifest.xml:36:13-44
29-->[com.google.android.gms:play-services-ads-lite:20.6.0] AndroidManifest.xml:36:19-41
30        </intent>
31        <!-- End of browser content -->
32        <!-- For CustomTabsService -->
33        <intent>
33-->[com.google.android.gms:play-services-ads-lite:20.6.0] AndroidManifest.xml:40:9-42:18
34            <action android:name="android.support.customtabs.action.CustomTabsService" />
34-->[com.google.android.gms:play-services-ads-lite:20.6.0] AndroidManifest.xml:41:13-90
34-->[com.google.android.gms:play-services-ads-lite:20.6.0] AndroidManifest.xml:41:21-87
35        </intent>
36        <!-- End of CustomTabsService -->
37        <intent>
37-->[androidx.media:media:1.3.1] AndroidManifest.xml:25:9-27:18
38            <action android:name="android.media.browse.MediaBrowserService" />
38-->[androidx.media:media:1.3.1] AndroidManifest.xml:26:13-79
38-->[androidx.media:media:1.3.1] AndroidManifest.xml:26:21-76
39        </intent>
40    </queries> <!-- Permissions required by Open Measurement SDK -->
41    <uses-permission android:name="android.permission.ACCESS_WIFI_STATE" />
41-->[com.applovin:applovin-sdk:11.4.4] AndroidManifest.xml:15:5-76
41-->[com.applovin:applovin-sdk:11.4.4] AndroidManifest.xml:15:22-73
42    <uses-permission android:name="android.permission.RECEIVE_BOOT_COMPLETED" />
42-->[androidx.work:work-runtime:2.7.0] AndroidManifest.xml:27:5-81
42-->[androidx.work:work-runtime:2.7.0] AndroidManifest.xml:27:22-78
43    <uses-permission android:name="android.permission.FOREGROUND_SERVICE" />
43-->[androidx.work:work-runtime:2.7.0] AndroidManifest.xml:28:5-77
43-->[androidx.work:work-runtime:2.7.0] AndroidManifest.xml:28:22-74
44
45    <application
46        android:name="android.app.Application"
47        android:appComponentFactory="androidx.core.app.CoreComponentFactory"
47-->[androidx.core:core:1.8.0] AndroidManifest.xml:24:18-86
48        android:debuggable="true"
49        android:icon="@mipmap/ic_launcher"
50        android:label="Photo Enhancer - PhotoShoot" >
51        <activity
52            android:name="com.hdphoto.photoshoot.enhance.image.hdr.ai.MainActivity"
53            android:configChanges="orientation|keyboardHidden|keyboard|screenSize|smallestScreenSize|locale|layoutDirection|fontScale|screenLayout|density|uiMode"
54            android:exported="true"
55            android:hardwareAccelerated="true"
56            android:launchMode="singleTop"
57            android:theme="@style/LaunchTheme"
58            android:windowSoftInputMode="adjustResize" >
59
60            <!--
61                 Specifies an Android theme to apply to this Activity as soon as
62                 the Android process has started. This theme is visible to the user
63                 while the Flutter UI initializes. After that, this theme continues
64                 to determine the Window background behind the Flutter UI.
65            -->
66            <meta-data
67                android:name="io.flutter.embedding.android.NormalTheme"
68                android:resource="@style/NormalTheme" />
69
70            <intent-filter>
71                <action android:name="android.intent.action.MAIN" />
72
73                <category android:name="android.intent.category.LAUNCHER" />
74            </intent-filter>
75        </activity>
76        <!--
77             Don't delete the meta-data below.
78             This is used by the Flutter tool to generate GeneratedPluginRegistrant.java
79        -->
80        <meta-data
81            android:name="flutterEmbedding"
82            android:value="2" />
83        <meta-data
84            android:name="com.google.android.gms.ads.APPLICATION_ID"
85            android:value="ca-app-pub-4582858977395538~2910119580" />
86        <meta-data
87            android:name="applovin.sdk.key"
88            android:value="y2s0LfLMHISQOOLHcI6EPSTC8lTvisvRXIn_7z5gvyhm2RnUQyrruf3PcBbHaM_hrVmJhp-I95M8Q1fL-uL1mL" />
89
90        <service
90-->[:cloud_firestore] AndroidManifest.xml:10:9-14:19
91            android:name="com.google.firebase.components.ComponentDiscoveryService"
91-->[:cloud_firestore] AndroidManifest.xml:10:18-89
92            android:directBootAware="true"
92-->[com.google.firebase:firebase-common:20.1.1] AndroidManifest.xml:35:13-43
93            android:exported="false" >
93-->[com.google.firebase:firebase-firestore:24.1.2] AndroidManifest.xml:19:13-37
94            <meta-data
94-->[:cloud_firestore] AndroidManifest.xml:11:13-13:85
95                android:name="com.google.firebase.components:io.flutter.plugins.firebase.firestore.FlutterFirebaseFirestoreRegistrar"
95-->[:cloud_firestore] AndroidManifest.xml:12:17-134
96                android:value="com.google.firebase.components.ComponentRegistrar" />
96-->[:cloud_firestore] AndroidManifest.xml:13:17-82
97            <meta-data
97-->[:firebase_core] AndroidManifest.xml:11:13-13:85
98                android:name="com.google.firebase.components:io.flutter.plugins.firebase.core.FlutterFirebaseCoreRegistrar"
98-->[:firebase_core] AndroidManifest.xml:12:17-124
99                android:value="com.google.firebase.components.ComponentRegistrar" />
99-->[:firebase_core] AndroidManifest.xml:13:17-82
100            <meta-data
100-->[com.google.firebase:firebase-firestore:24.1.2] AndroidManifest.xml:20:13-22:85
101                android:name="com.google.firebase.components:com.google.firebase.firestore.FirestoreRegistrar"
101-->[com.google.firebase:firebase-firestore:24.1.2] AndroidManifest.xml:21:17-111
102                android:value="com.google.firebase.components.ComponentRegistrar" />
102-->[com.google.firebase:firebase-firestore:24.1.2] AndroidManifest.xml:22:17-82
103            <meta-data
103-->[com.google.android.gms:play-services-measurement-api:21.0.0] AndroidManifest.xml:31:13-33:85
104                android:name="com.google.firebase.components:com.google.firebase.analytics.connector.internal.AnalyticsConnectorRegistrar"
104-->[com.google.android.gms:play-services-measurement-api:21.0.0] AndroidManifest.xml:32:17-139
105                android:value="com.google.firebase.components.ComponentRegistrar" />
105-->[com.google.android.gms:play-services-measurement-api:21.0.0] AndroidManifest.xml:33:17-82
106            <meta-data
106-->[com.google.firebase:firebase-installations:17.0.1] AndroidManifest.xml:18:13-20:85
107                android:name="com.google.firebase.components:com.google.firebase.installations.FirebaseInstallationsRegistrar"
107-->[com.google.firebase:firebase-installations:17.0.1] AndroidManifest.xml:19:17-127
108                android:value="com.google.firebase.components.ComponentRegistrar" />
108-->[com.google.firebase:firebase-installations:17.0.1] AndroidManifest.xml:20:17-82
109        </service>
110
111        <provider
111-->[:image_picker_android] AndroidManifest.xml:10:9-18:20
112            android:name="io.flutter.plugins.imagepicker.ImagePickerFileProvider"
112-->[:image_picker_android] AndroidManifest.xml:11:13-82
113            android:authorities="com.hdphoto.photoshoot.enhance.image.hdr.ai.flutter.image_provider"
113-->[:image_picker_android] AndroidManifest.xml:12:13-74
114            android:exported="false"
114-->[:image_picker_android] AndroidManifest.xml:13:13-37
115            android:grantUriPermissions="true" >
115-->[:image_picker_android] AndroidManifest.xml:14:13-47
116            <meta-data
116-->[:image_picker_android] AndroidManifest.xml:15:13-17:75
117                android:name="android.support.FILE_PROVIDER_PATHS"
117-->[:image_picker_android] AndroidManifest.xml:16:17-67
118                android:resource="@xml/flutter_image_picker_file_paths" />
118-->[:image_picker_android] AndroidManifest.xml:17:17-72
119        </provider>
120
121        <activity
121-->[:url_launcher_android] AndroidManifest.xml:10:9-13:74
122            android:name="io.flutter.plugins.urllauncher.WebViewActivity"
122-->[:url_launcher_android] AndroidManifest.xml:11:13-74
123            android:exported="false"
123-->[:url_launcher_android] AndroidManifest.xml:12:13-37
124            android:theme="@android:style/Theme.NoTitleBar.Fullscreen" />
124-->[:url_launcher_android] AndroidManifest.xml:13:13-71
125
126        <meta-data
126-->[:google_mobile_ads] AndroidManifest.xml:12:9-14:36
127            android:name="io.flutter.embedded_views_preview"
127-->[:google_mobile_ads] AndroidManifest.xml:13:13-61
128            android:value="true" />
128-->[:google_mobile_ads] AndroidManifest.xml:14:13-33
129
130        <provider
130-->[:share_plus] AndroidManifest.xml:10:9-18:20
131            android:name="dev.fluttercommunity.plus.share.ShareFileProvider"
131-->[:share_plus] AndroidManifest.xml:11:13-77
132            android:authorities="com.hdphoto.photoshoot.enhance.image.hdr.ai.flutter.share_provider"
132-->[:share_plus] AndroidManifest.xml:12:13-74
133            android:exported="false"
133-->[:share_plus] AndroidManifest.xml:13:13-37
134            android:grantUriPermissions="true" >
134-->[:share_plus] AndroidManifest.xml:14:13-47
135            <meta-data
135-->[:image_picker_android] AndroidManifest.xml:15:13-17:75
136                android:name="android.support.FILE_PROVIDER_PATHS"
136-->[:image_picker_android] AndroidManifest.xml:16:17-67
137                android:resource="@xml/flutter_share_file_paths" />
137-->[:image_picker_android] AndroidManifest.xml:17:17-72
138        </provider>
139
140        <uses-library
140-->[androidx.window:window:1.0.0-beta04] AndroidManifest.xml:25:9-27:40
141            android:name="androidx.window.extensions"
141-->[androidx.window:window:1.0.0-beta04] AndroidManifest.xml:26:13-54
142            android:required="false" />
142-->[androidx.window:window:1.0.0-beta04] AndroidManifest.xml:27:13-37
143        <uses-library
143-->[androidx.window:window:1.0.0-beta04] AndroidManifest.xml:28:9-30:40
144            android:name="androidx.window.sidecar"
144-->[androidx.window:window:1.0.0-beta04] AndroidManifest.xml:29:13-51
145            android:required="false" />
145-->[androidx.window:window:1.0.0-beta04] AndroidManifest.xml:30:13-37
146
147        <provider
147-->[com.google.firebase:firebase-common:20.1.1] AndroidManifest.xml:26:9-31:39
148            android:name="com.google.firebase.provider.FirebaseInitProvider"
148-->[com.google.firebase:firebase-common:20.1.1] AndroidManifest.xml:27:13-77
149            android:authorities="com.hdphoto.photoshoot.enhance.image.hdr.ai.firebaseinitprovider"
149-->[com.google.firebase:firebase-common:20.1.1] AndroidManifest.xml:28:13-72
150            android:directBootAware="true"
150-->[com.google.firebase:firebase-common:20.1.1] AndroidManifest.xml:29:13-43
151            android:exported="false"
151-->[com.google.firebase:firebase-common:20.1.1] AndroidManifest.xml:30:13-37
152            android:initOrder="100" />
152-->[com.google.firebase:firebase-common:20.1.1] AndroidManifest.xml:31:13-36
153
154        <receiver
154-->[com.google.android.gms:play-services-measurement:21.0.0] AndroidManifest.xml:29:9-33:20
155            android:name="com.google.android.gms.measurement.AppMeasurementReceiver"
155-->[com.google.android.gms:play-services-measurement:21.0.0] AndroidManifest.xml:30:13-85
156            android:enabled="true"
156-->[com.google.android.gms:play-services-measurement:21.0.0] AndroidManifest.xml:31:13-35
157            android:exported="false" >
157-->[com.google.android.gms:play-services-measurement:21.0.0] AndroidManifest.xml:32:13-37
158        </receiver>
159
160        <service
160-->[com.google.android.gms:play-services-measurement:21.0.0] AndroidManifest.xml:35:9-38:40
161            android:name="com.google.android.gms.measurement.AppMeasurementService"
161-->[com.google.android.gms:play-services-measurement:21.0.0] AndroidManifest.xml:36:13-84
162            android:enabled="true"
162-->[com.google.android.gms:play-services-measurement:21.0.0] AndroidManifest.xml:37:13-35
163            android:exported="false" />
163-->[com.google.android.gms:play-services-measurement:21.0.0] AndroidManifest.xml:38:13-37
164        <service
164-->[com.google.android.gms:play-services-measurement:21.0.0] AndroidManifest.xml:39:9-43:72
165            android:name="com.google.android.gms.measurement.AppMeasurementJobService"
165-->[com.google.android.gms:play-services-measurement:21.0.0] AndroidManifest.xml:40:13-87
166            android:enabled="true"
166-->[com.google.android.gms:play-services-measurement:21.0.0] AndroidManifest.xml:41:13-35
167            android:exported="false"
167-->[com.google.android.gms:play-services-measurement:21.0.0] AndroidManifest.xml:42:13-37
168            android:permission="android.permission.BIND_JOB_SERVICE" />
168-->[com.google.android.gms:play-services-measurement:21.0.0] AndroidManifest.xml:43:13-69
169
170        <activity
170-->[com.google.android.gms:play-services-base:18.0.1] AndroidManifest.xml:20:9-22:45
171            android:name="com.google.android.gms.common.api.GoogleApiActivity"
171-->[com.google.android.gms:play-services-base:18.0.1] AndroidManifest.xml:20:19-85
172            android:exported="false"
172-->[com.google.android.gms:play-services-base:18.0.1] AndroidManifest.xml:22:19-43
173            android:theme="@android:style/Theme.Translucent.NoTitleBar" /> <!-- Include the AdActivity and InAppPurchaseActivity configChanges and themes. -->
173-->[com.google.android.gms:play-services-base:18.0.1] AndroidManifest.xml:21:19-78
174        <activity
174-->[com.google.android.gms:play-services-ads-lite:20.6.0] AndroidManifest.xml:49:9-53:64
175            android:name="com.google.android.gms.ads.AdActivity"
175-->[com.google.android.gms:play-services-ads-lite:20.6.0] AndroidManifest.xml:50:13-65
176            android:configChanges="keyboard|keyboardHidden|orientation|screenLayout|uiMode|screenSize|smallestScreenSize"
176-->[com.google.android.gms:play-services-ads-lite:20.6.0] AndroidManifest.xml:51:13-122
177            android:exported="false"
177-->[com.google.android.gms:play-services-ads-lite:20.6.0] AndroidManifest.xml:52:13-37
178            android:theme="@android:style/Theme.Translucent" />
178-->[com.google.android.gms:play-services-ads-lite:20.6.0] AndroidManifest.xml:53:13-61
179
180        <provider
180-->[com.google.android.gms:play-services-ads-lite:20.6.0] AndroidManifest.xml:55:9-59:39
181            android:name="com.google.android.gms.ads.MobileAdsInitProvider"
181-->[com.google.android.gms:play-services-ads-lite:20.6.0] AndroidManifest.xml:56:13-76
182            android:authorities="com.hdphoto.photoshoot.enhance.image.hdr.ai.mobileadsinitprovider"
182-->[com.google.android.gms:play-services-ads-lite:20.6.0] AndroidManifest.xml:57:13-73
183            android:exported="false"
183-->[com.google.android.gms:play-services-ads-lite:20.6.0] AndroidManifest.xml:58:13-37
184            android:initOrder="100" />
184-->[com.google.android.gms:play-services-ads-lite:20.6.0] AndroidManifest.xml:59:13-36
185
186        <service
186-->[com.google.android.gms:play-services-ads-lite:20.6.0] AndroidManifest.xml:61:9-64:40
187            android:name="com.google.android.gms.ads.AdService"
187-->[com.google.android.gms:play-services-ads-lite:20.6.0] AndroidManifest.xml:62:13-64
188            android:enabled="true"
188-->[com.google.android.gms:play-services-ads-lite:20.6.0] AndroidManifest.xml:63:13-35
189            android:exported="false" />
189-->[com.google.android.gms:play-services-ads-lite:20.6.0] AndroidManifest.xml:64:13-37
190
191        <provider
191-->[com.applovin:applovin-sdk:11.4.4] AndroidManifest.xml:18:9-23:39
192            android:name="com.applovin.sdk.AppLovinInitProvider"
192-->[com.applovin:applovin-sdk:11.4.4] AndroidManifest.xml:19:13-65
193            android:authorities="com.hdphoto.photoshoot.enhance.image.hdr.ai.applovincontentprovider"
193-->[com.applovin:applovin-sdk:11.4.4] AndroidManifest.xml:20:13-75
194            android:exported="false"
194-->[com.applovin:applovin-sdk:11.4.4] AndroidManifest.xml:21:13-37
195            android:grantUriPermissions="true"
195-->[com.applovin:applovin-sdk:11.4.4] AndroidManifest.xml:22:13-47
196            android:initOrder="101" /> <!-- Init order is 101 so we're before Firebase/Google which uses 100 -->
196-->[com.applovin:applovin-sdk:11.4.4] AndroidManifest.xml:23:13-36
197        <activity
197-->[com.applovin:applovin-sdk:11.4.4] AndroidManifest.xml:25:9-31:50
198            android:name="com.applovin.adview.AppLovinFullscreenActivity"
198-->[com.applovin:applovin-sdk:11.4.4] AndroidManifest.xml:26:13-74
199            android:configChanges="keyboard|keyboardHidden|locale|orientation|screenLayout|screenSize|smallestScreenSize|uiMode"
199-->[com.applovin:applovin-sdk:11.4.4] AndroidManifest.xml:27:13-129
200            android:exported="false"
200-->[com.applovin:applovin-sdk:11.4.4] AndroidManifest.xml:28:13-37
201            android:hardwareAccelerated="true"
201-->[com.applovin:applovin-sdk:11.4.4] AndroidManifest.xml:29:13-47
202            android:launchMode="singleTop"
202-->[com.applovin:applovin-sdk:11.4.4] AndroidManifest.xml:30:13-43
203            android:screenOrientation="behind" />
203-->[com.applovin:applovin-sdk:11.4.4] AndroidManifest.xml:31:13-47
204        <activity
204-->[com.applovin:applovin-sdk:11.4.4] AndroidManifest.xml:32:9-34:84
205            android:name="com.applovin.sdk.AppLovinWebViewActivity"
205-->[com.applovin:applovin-sdk:11.4.4] AndroidManifest.xml:33:13-68
206            android:configChanges="keyboardHidden|orientation|screenSize|uiMode" />
206-->[com.applovin:applovin-sdk:11.4.4] AndroidManifest.xml:34:13-81
207        <activity
207-->[com.applovin:applovin-sdk:11.4.4] AndroidManifest.xml:35:9-38:87
208            android:name="com.applovin.mediation.MaxDebuggerActivity"
208-->[com.applovin:applovin-sdk:11.4.4] AndroidManifest.xml:36:13-70
209            android:configChanges="keyboardHidden|orientation|screenSize|uiMode"
209-->[com.applovin:applovin-sdk:11.4.4] AndroidManifest.xml:37:13-81
210            android:theme="@style/com.applovin.mediation.MaxDebuggerActivity.Theme" />
210-->[com.applovin:applovin-sdk:11.4.4] AndroidManifest.xml:38:13-84
211        <activity
211-->[com.applovin:applovin-sdk:11.4.4] AndroidManifest.xml:39:9-42:87
212            android:name="com.applovin.mediation.MaxDebuggerDetailActivity"
212-->[com.applovin:applovin-sdk:11.4.4] AndroidManifest.xml:40:13-76
213            android:configChanges="keyboardHidden|orientation|screenSize|uiMode"
213-->[com.applovin:applovin-sdk:11.4.4] AndroidManifest.xml:41:13-81
214            android:theme="@style/com.applovin.mediation.MaxDebuggerActivity.Theme" />
214-->[com.applovin:applovin-sdk:11.4.4] AndroidManifest.xml:42:13-84
215        <activity
215-->[com.applovin:applovin-sdk:11.4.4] AndroidManifest.xml:43:9-46:87
216            android:name="com.applovin.mediation.MaxDebuggerMultiAdActivity"
216-->[com.applovin:applovin-sdk:11.4.4] AndroidManifest.xml:44:13-77
217            android:configChanges="keyboardHidden|orientation|screenSize|uiMode"
217-->[com.applovin:applovin-sdk:11.4.4] AndroidManifest.xml:45:13-81
218            android:theme="@style/com.applovin.mediation.MaxDebuggerActivity.Theme" />
218-->[com.applovin:applovin-sdk:11.4.4] AndroidManifest.xml:46:13-84
219        <activity
219-->[com.applovin:applovin-sdk:11.4.4] AndroidManifest.xml:47:9-50:87
220            android:name="com.applovin.mediation.MaxDebuggerAdUnitsListActivity"
220-->[com.applovin:applovin-sdk:11.4.4] AndroidManifest.xml:48:13-81
221            android:configChanges="keyboardHidden|orientation|screenSize|uiMode"
221-->[com.applovin:applovin-sdk:11.4.4] AndroidManifest.xml:49:13-81
222            android:theme="@style/com.applovin.mediation.MaxDebuggerActivity.Theme" />
222-->[com.applovin:applovin-sdk:11.4.4] AndroidManifest.xml:50:13-84
223        <activity
223-->[com.applovin:applovin-sdk:11.4.4] AndroidManifest.xml:51:9-54:87
224            android:name="com.applovin.mediation.MaxDebuggerAdUnitDetailActivity"
224-->[com.applovin:applovin-sdk:11.4.4] AndroidManifest.xml:52:13-82
225            android:configChanges="keyboardHidden|orientation|screenSize|uiMode"
225-->[com.applovin:applovin-sdk:11.4.4] AndroidManifest.xml:53:13-81
226            android:theme="@style/com.applovin.mediation.MaxDebuggerActivity.Theme" />
226-->[com.applovin:applovin-sdk:11.4.4] AndroidManifest.xml:54:13-84
227        <activity
227-->[com.applovin:applovin-sdk:11.4.4] AndroidManifest.xml:55:9-58:87
228            android:name="com.applovin.mediation.MaxDebuggerTestLiveNetworkActivity"
228-->[com.applovin:applovin-sdk:11.4.4] AndroidManifest.xml:56:13-85
229            android:configChanges="keyboardHidden|orientation|screenSize|uiMode"
229-->[com.applovin:applovin-sdk:11.4.4] AndroidManifest.xml:57:13-81
230            android:theme="@style/com.applovin.mediation.MaxDebuggerActivity.Theme" />
230-->[com.applovin:applovin-sdk:11.4.4] AndroidManifest.xml:58:13-84
231
232        <service
232-->[com.applovin:applovin-sdk:11.4.4] AndroidManifest.xml:60:9-63:44
233            android:name="com.applovin.impl.sdk.utils.AppKilledService"
233-->[com.applovin:applovin-sdk:11.4.4] AndroidManifest.xml:61:13-72
234            android:exported="false"
234-->[com.applovin:applovin-sdk:11.4.4] AndroidManifest.xml:62:13-37
235            android:stopWithTask="false" />
235-->[com.applovin:applovin-sdk:11.4.4] AndroidManifest.xml:63:13-41
236        <service
236-->[com.applovin:applovin-sdk:11.4.4] AndroidManifest.xml:64:9-67:44
237            android:name="com.applovin.impl.adview.activity.FullscreenAdService"
237-->[com.applovin:applovin-sdk:11.4.4] AndroidManifest.xml:65:13-81
238            android:exported="false"
238-->[com.applovin:applovin-sdk:11.4.4] AndroidManifest.xml:66:13-37
239            android:stopWithTask="false" />
239-->[com.applovin:applovin-sdk:11.4.4] AndroidManifest.xml:67:13-41
240
241        <meta-data
241-->[com.google.android.gms:play-services-basement:18.0.0] AndroidManifest.xml:21:9-23:69
242            android:name="com.google.android.gms.version"
242-->[com.google.android.gms:play-services-basement:18.0.0] AndroidManifest.xml:22:13-58
243            android:value="@integer/google_play_services_version" />
243-->[com.google.android.gms:play-services-basement:18.0.0] AndroidManifest.xml:23:13-66
244
245        <provider
245-->[androidx.work:work-runtime:2.7.0] AndroidManifest.xml:31:9-39:20
246            android:name="androidx.startup.InitializationProvider"
246-->[androidx.work:work-runtime:2.7.0] AndroidManifest.xml:32:13-67
247            android:authorities="com.hdphoto.photoshoot.enhance.image.hdr.ai.androidx-startup"
247-->[androidx.work:work-runtime:2.7.0] AndroidManifest.xml:33:13-68
248            android:exported="false" >
248-->[androidx.work:work-runtime:2.7.0] AndroidManifest.xml:34:13-37
249            <meta-data
249-->[androidx.work:work-runtime:2.7.0] AndroidManifest.xml:36:13-38:52
250                android:name="androidx.work.WorkManagerInitializer"
250-->[androidx.work:work-runtime:2.7.0] AndroidManifest.xml:37:17-68
251                android:value="androidx.startup" />
251-->[androidx.work:work-runtime:2.7.0] AndroidManifest.xml:38:17-49
252        </provider>
253
254        <service
254-->[androidx.work:work-runtime:2.7.0] AndroidManifest.xml:41:9-46:35
255            android:name="androidx.work.impl.background.systemalarm.SystemAlarmService"
255-->[androidx.work:work-runtime:2.7.0] AndroidManifest.xml:42:13-88
256            android:directBootAware="false"
256-->[androidx.work:work-runtime:2.7.0] AndroidManifest.xml:43:13-44
257            android:enabled="@bool/enable_system_alarm_service_default"
257-->[androidx.work:work-runtime:2.7.0] AndroidManifest.xml:44:13-72
258            android:exported="false" />
258-->[androidx.work:work-runtime:2.7.0] AndroidManifest.xml:45:13-37
259        <service
259-->[androidx.work:work-runtime:2.7.0] AndroidManifest.xml:47:9-53:35
260            android:name="androidx.work.impl.background.systemjob.SystemJobService"
260-->[androidx.work:work-runtime:2.7.0] AndroidManifest.xml:48:13-84
261            android:directBootAware="false"
261-->[androidx.work:work-runtime:2.7.0] AndroidManifest.xml:49:13-44
262            android:enabled="@bool/enable_system_job_service_default"
262-->[androidx.work:work-runtime:2.7.0] AndroidManifest.xml:50:13-70
263            android:exported="true"
263-->[androidx.work:work-runtime:2.7.0] AndroidManifest.xml:51:13-36
264            android:permission="android.permission.BIND_JOB_SERVICE" />
264-->[androidx.work:work-runtime:2.7.0] AndroidManifest.xml:52:13-69
265        <service
265-->[androidx.work:work-runtime:2.7.0] AndroidManifest.xml:54:9-59:35
266            android:name="androidx.work.impl.foreground.SystemForegroundService"
266-->[androidx.work:work-runtime:2.7.0] AndroidManifest.xml:55:13-81
267            android:directBootAware="false"
267-->[androidx.work:work-runtime:2.7.0] AndroidManifest.xml:56:13-44
268            android:enabled="@bool/enable_system_foreground_service_default"
268-->[androidx.work:work-runtime:2.7.0] AndroidManifest.xml:57:13-77
269            android:exported="false" />
269-->[androidx.work:work-runtime:2.7.0] AndroidManifest.xml:58:13-37
270
271        <receiver
271-->[androidx.work:work-runtime:2.7.0] AndroidManifest.xml:61:9-66:35
272            android:name="androidx.work.impl.utils.ForceStopRunnable$BroadcastReceiver"
272-->[androidx.work:work-runtime:2.7.0] AndroidManifest.xml:62:13-88
273            android:directBootAware="false"
273-->[androidx.work:work-runtime:2.7.0] AndroidManifest.xml:63:13-44
274            android:enabled="true"
274-->[androidx.work:work-runtime:2.7.0] AndroidManifest.xml:64:13-35
275            android:exported="false" />
275-->[androidx.work:work-runtime:2.7.0] AndroidManifest.xml:65:13-37
276        <receiver
276-->[androidx.work:work-runtime:2.7.0] AndroidManifest.xml:67:9-77:20
277            android:name="androidx.work.impl.background.systemalarm.ConstraintProxy$BatteryChargingProxy"
277-->[androidx.work:work-runtime:2.7.0] AndroidManifest.xml:68:13-106
278            android:directBootAware="false"
278-->[androidx.work:work-runtime:2.7.0] AndroidManifest.xml:69:13-44
279            android:enabled="false"
279-->[androidx.work:work-runtime:2.7.0] AndroidManifest.xml:70:13-36
280            android:exported="false" >
280-->[androidx.work:work-runtime:2.7.0] AndroidManifest.xml:71:13-37
281            <intent-filter>
281-->[androidx.work:work-runtime:2.7.0] AndroidManifest.xml:73:13-76:29
282                <action android:name="android.intent.action.ACTION_POWER_CONNECTED" />
282-->[androidx.work:work-runtime:2.7.0] AndroidManifest.xml:74:17-87
282-->[androidx.work:work-runtime:2.7.0] AndroidManifest.xml:74:25-84
283                <action android:name="android.intent.action.ACTION_POWER_DISCONNECTED" />
283-->[androidx.work:work-runtime:2.7.0] AndroidManifest.xml:75:17-90
283-->[androidx.work:work-runtime:2.7.0] AndroidManifest.xml:75:25-87
284            </intent-filter>
285        </receiver>
286        <receiver